<?xml version="1.0" encoding="UTF-8"?>
<!-- Generated by org.testng.reporters.JUnitXMLReporter -->
<testsuite ignored="0" hostname="Himanshus-MacBook-Air.local" failures="0" tests="4" name="Default test" time="40.856" errors="0" timestamp="2022-12-11T20:15:16 IST">
  <testcase classname="Module4.Assignment4Test" name="printHeaders" time="0.095"/>
  <testcase classname="Module4.Assignment4Test" name="printFeatures" time="3.814"/>
  <testcase classname="Module4.Assignment4Test" name="printTechnologies" time="4.5"/>
  <testcase classname="Module4.Assignment4Test" name="testgetQuote" time="8.993"/>
</testsuite> <!-- Default test -->
